[11:03:29] [ServerMain/INFO]: [bootstrap] Running Java 21 (OpenJDK 64-Bit Server VM 21.0.7+6-Ubuntu-0ubuntu120.04; Ubuntu null) on Linux 6.8.0-1027-azure (amd64)
[11:03:29] [ServerMain/INFO]: [bootstrap] Loading Paper 1.21.4-231-ver/1.21.4@09e9afd (2025-05-19T17:59:36Z) for Minecraft 1.21.4
[11:03:29] [ServerMain/INFO]: [PluginInitializerManager] Initializing plugins...
[11:03:29] [ServerMain/INFO]: [PluginInitializerManager] Initialized 0 plugins
[11:03:34] [ServerMain/INFO]: Environment: Environment[sessionHost=https://sessionserver.mojang.com, servicesHost=https://api.minecraftservices.com, name=PROD]
[11:03:36] [ServerMain/INFO]: Loaded 1370 recipes
[11:03:36] [ServerMain/INFO]: Loaded 1481 advancements
[11:03:36] [ServerMain/INFO]: [MCTypeRegistry] Initialising converters for DataConverter...
[11:03:37] [ServerMain/INFO]: [MCTypeRegistry] Finished initialising converters for DataConverter in 234.5ms
[11:03:37] [Server thread/INFO]: Starting minecraft server version 1.21.4
[11:03:37] [Server thread/INFO]: Loading properties
[11:03:37] [Server thread/INFO]: This server is running Paper version 1.21.4-231-ver/1.21.4@09e9afd (2025-05-19T17:59:36Z) (Implementing API version 1.21.4-R0.1-SNAPSHOT)
[11:03:37] [Server thread/INFO]: [spark] This server bundles the spark profiler. For more information please visit https://docs.papermc.io/paper/profiling
[11:03:37] [Server thread/INFO]: Server Ping Player Sample Count: 12
[11:03:37] [Server thread/INFO]: Using 4 threads for Netty based IO
[11:03:38] [Server thread/INFO]: [MoonriseCommon] Paper is using 1 worker threads, 1 I/O threads
[11:03:38] [Server thread/INFO]: [ChunkTaskScheduler] Chunk system is using population gen parallelism: true
[11:03:38] [Server thread/INFO]: Default game type: SURVIVAL
[11:03:38] [Server thread/INFO]: Generating keypair
[11:03:38] [Server thread/INFO]: Starting Minecraft server on *:25565
[11:03:38] [Server thread/INFO]: Using epoll channel type
[11:03:38] [Server thread/INFO]: Paper: Using libdeflate (Linux x86_64) compression from Velocity.
[11:03:38] [Server thread/INFO]: Paper: Using OpenSSL 1.1.x (Linux x86_64) cipher from Velocity.
[11:03:38] [Server thread/INFO]: Server permissions file permissions.yml is empty, ignoring it
[11:03:38] [Server thread/WARN]: **** SERVER IS RUNNING IN OFFLINE/INSECURE MODE!
[11:03:38] [Server thread/WARN]: The server will make no attempt to authenticate usernames. Beware.
[11:03:38] [Server thread/WARN]: While this makes the game possible to play without internet access, it also opens up the ability for hackers to connect with any username they choose.
[11:03:38] [Server thread/WARN]: To change this, set "online-mode" to "true" in the server.properties file.
[11:03:38] [Server thread/INFO]: Preparing level "world"
[11:03:39] [Server thread/INFO]: Preparing start region for dimension minecraft:overworld
[11:03:39] [Server thread/INFO]: Preparing spawn area: 0%
[11:03:39] [Server thread/INFO]: Preparing spawn area: 2%
[11:03:40] [Server thread/INFO]: Preparing spawn area: 8%
[11:03:40] [Server thread/INFO]: Time elapsed: 1042 ms
[11:03:40] [Server thread/INFO]: Preparing start region for dimension minecraft:the_nether
[11:03:40] [Server thread/INFO]: Preparing spawn area: 0%
[11:03:40] [Server thread/INFO]: Time elapsed: 213 ms
[11:03:40] [Server thread/INFO]: Preparing start region for dimension minecraft:the_end
[11:03:40] [Server thread/INFO]: Preparing spawn area: 0%
[11:03:40] [Server thread/INFO]: Time elapsed: 154 ms
[11:03:40] [Server thread/INFO]: [spark] Starting background profiler...
[11:03:40] [Server thread/INFO]: Done preparing level "world" (2.254s)
[11:03:40] [Server thread/INFO]: Running delayed init tasks
[11:03:40] [Server thread/INFO]: Done (12.504s)! For help, type "help"
[11:04:59] [User Authenticator #0/INFO]: UUID of player Sxlery is a32225f9-9d21-35b8-89b4-dd521ba9ea7a
[11:05:01] [Server thread/INFO]: Sxlery joined the game
[11:05:01] [Server thread/INFO]: Sxlery[/127.240.130.98:48131] logged in with entity id 13 at ([world]9.5, 109.0, -4.5)
[11:05:31] [Server thread/INFO]: Made Sxlery a server operator
[11:05:34] [Server thread/INFO]: Sxlery issued server command: /gamemode creative
[11:05:34] [Server thread/INFO]: [Sxlery: Set own game mode to Creative Mode]
[11:06:12] [Server thread/INFO]: Sxlery has made the advancement [Stone Age]
[11:06:28] [Server thread/INFO]: Stopping the server
[11:06:28] [Server thread/INFO]: Stopping server
[11:06:29] [Server thread/INFO]: Saving players
[11:06:29] [Server thread/INFO]: Sxlery lost connection: Server closed
[11:06:29] [Server thread/INFO]: Sxlery left the game
[11:06:29] [Server thread/INFO]: Saving worlds
[11:06:29] [Server thread/INFO]: Saving chunks for level 'ServerLevel[world]'/minecraft:overworld
[11:06:29] [Server thread/INFO]: [ChunkHolderManager] Waiting 60s for chunk system to halt for world 'world'
[11:06:29] [Server thread/INFO]: [ChunkHolderManager] Halted chunk system for world 'world'
[11:06:29] [Server thread/INFO]: [ChunkHolderManager] Saving all chunkholders for world 'world'
[11:06:32] [Server thread/INFO]: [ChunkHolderManager] Saved 2282 block chunks, 754 entity chunks, 3 poi chunks in world 'world' in 3.06s
[11:06:32] [Server thread/INFO]: [ChunkHolderManager] Waiting 60s for chunk I/O to halt for world 'world'
[11:06:32] [Server thread/INFO]: [ChunkHolderManager] Halted I/O scheduler for world 'world'
[11:06:32] [Server thread/INFO]: Saving chunks for level 'ServerLevel[world_nether]'/minecraft:the_nether
[11:06:32] [Server thread/INFO]: [ChunkHolderManager] Waiting 60s for chunk system to halt for world 'world_nether'
[11:06:32] [Server thread/INFO]: [ChunkHolderManager] Halted chunk system for world 'world_nether'
[11:06:32] [Server thread/INFO]: [ChunkHolderManager] Saving all chunkholders for world 'world_nether'
[11:06:32] [Server thread/INFO]: [ChunkHolderManager] Saved 49 block chunks, 49 entity chunks, 0 poi chunks in world 'world_nether' in 0.07s
[11:06:32] [Server thread/INFO]: [ChunkHolderManager] Waiting 60s for chunk I/O to halt for world 'world_nether'
[11:06:32] [Server thread/INFO]: [ChunkHolderManager] Halted I/O scheduler for world 'world_nether'
[11:06:32] [Server thread/INFO]: Saving chunks for level 'ServerLevel[world_the_end]'/minecraft:the_end
[11:06:32] [Server thread/INFO]: [ChunkHolderManager] Waiting 60s for chunk system to halt for world 'world_the_end'
[11:06:32] [Server thread/INFO]: [ChunkHolderManager] Halted chunk system for world 'world_the_end'
[11:06:32] [Server thread/INFO]: [ChunkHolderManager] Saving all chunkholders for world 'world_the_end'
[11:06:32] [Server thread/INFO]: [ChunkHolderManager] Saved 49 block chunks, 49 entity chunks, 0 poi chunks in world 'world_the_end' in 0.03s
[11:06:32] [Server thread/INFO]: [ChunkHolderManager] Waiting 60s for chunk I/O to halt for world 'world_the_end'
[11:06:32] [Server thread/INFO]: [ChunkHolderManager] Halted I/O scheduler for world 'world_the_end'
[11:06:32] [Server thread/INFO]: ThreadedAnvilChunkStorage (world): All chunks are saved
[11:06:32] [Server thread/INFO]: ThreadedAnvilChunkStorage (DIM-1): All chunks are saved
[11:06:32] [Server thread/INFO]: ThreadedAnvilChunkStorage (DIM1): All chunks are saved
[11:06:32] [Server thread/INFO]: ThreadedAnvilChunkStorage: All dimensions are saved
[11:06:32] [Server thread/INFO]: Waiting for I/O tasks to complete...
[11:06:32] [Server thread/INFO]: All I/O tasks to complete
[11:06:32] [Server thread/INFO]: [MoonriseCommon] Awaiting termination of worker pool for up to 60s...
[11:06:32] [Server thread/INFO]: [MoonriseCommon] Awaiting termination of I/O pool for up to 60s...
